<?xml version="1.0" encoding="UTF-8"?>
<!-- Generated by org.testng.reporters.JUnitReportReporter -->
<testsuite hostname="DESKTOP-LF8VEKH" failures="0" tests="4" name="testScript.LoginTest" time="13.359" errors="0" timestamp="2026-03-23T11:25:33 IST" skipped="0">
  <testcase classname="testScript.LoginTest" name="verifyTheUserIsAbleToLoginWithValidCredentials" time="4.393"/>
  <testcase classname="testScript.LoginTest" name="verifyTheUserIsAbleToLoginWithValidUsernameInvalidPassword" time="2.833"/>
  <testcase classname="testScript.LoginTest" name="verifyTheUserIsAbleToLoginWithInvalidUsernameValidPassword" time="2.486"/>
  <testcase classname="testScript.LoginTest" name="verifyTheUserIsAbleToLoginWithInvalidUsernameInvalidPassword" time="3.647"/>
</testsuite> <!-- testScript.LoginTest -->
