<?xml version="1.0" encoding="UTF-8"?>
<!-- Generated by org.testng.reporters.JUnitReportReporter -->
<testsuite hostname="DESKTOP-LF8VEKH" failures="0" tests="4" name="testScript.LoginTest" time="15.400" errors="0" timestamp="2026-03-23T12:10:37 IST" skipped="0">
  <testcase classname="testScript.LoginTest" name="verifyTheUserIsAbleToLoginWithValidCredentials" time="5.089"/>
  <testcase classname="testScript.LoginTest" name="verifyTheUserIsAbleToLoginWithValidUsernameInvalidPassword" time="3.190"/>
  <testcase classname="testScript.LoginTest" name="verifyTheUserIsAbleToLoginWithInvalidUsernameValidPassword" time="2.608"/>
  <testcase classname="testScript.LoginTest" name="verifyTheUserIsAbleToLoginWithInvalidUsernameInvalidPassword" time="4.513"/>
</testsuite> <!-- testScript.LoginTest -->
