<?xml version="1.0" encoding="UTF-8"?>
<!-- Generated by org.testng.reporters.JUnitXMLReporter -->
<testsuite ignored="0" hostname="DESKTOP-LF8VEKH" failures="0" tests="5" name="chromeTest" time="15.459" errors="0" timestamp="2026-03-23T12:10:37 IST">
  <testcase classname="testScript.LoginTest" name="verifyTheUserIsAbleToLoginWithValidCredentials" time="2.953"/>
  <testcase classname="testScript.ManageNewsTest" name="verifyTheUserIsAbleToLoginWithValidCredentialsAndManageNews" time="5.076"/>
  <testcase classname="testScript.LoginTest" name="verifyTheUserIsAbleToLoginWithValidUsernameInvalidPassword" time="0.775"/>
  <testcase classname="testScript.LoginTest" name="verifyTheUserIsAbleToLoginWithInvalidUsernameValidPassword" time="0.61"/>
  <testcase classname="testScript.LoginTest" name="verifyTheUserIsAbleToLoginWithInvalidUsernameInvalidPassword" time="0.603"/>
</testsuite> <!-- chromeTest -->
