<?xml version="1.0" encoding="UTF-8"?>
<testsuite xmlns:xsi="http://www.w3.org/2001/XMLSchema-instance" xsi:noNamespaceSchemaLocation="https://maven.apache.org/surefire/maven-surefire-plugin/xsd/surefire-test-report-3.0.xsd" version="3.0" name="TestSuite" time="44.541" tests="10" errors="0" skipped="0" failures="0">
  <properties>
[...]
</properties>
  <testcase name="verifyTheUserIsAbleToLoginWithValidCredentials" classname="testScript.LoginTest" time="1.998">
    <system-err><![CDATA[SLF4J: Failed to load class "org.slf4j.impl.StaticLoggerBinder".
SLF4J: Defaulting to no-operation (NOP) logger implementation
SLF4J: See http://www.slf4j.org/codes.html#StaticLoggerBinder for further details.
Mar 23, 2026 11:57:27 AM org.openqa.selenium.devtools.CdpVersionFinder findNearestMatch
WARNING: Unable to find an exact match for CDP version 145, returning the closest version; found: 142; Please update to a Selenium version that supports CDP version 145
ERROR StatusLogger Log4j2 could not find a logging implementation. Please add log4j-core to the classpath. Using SimpleLogger to log to the console...
]]></system-err>
  </testcase>
  <testcase name="verifyTheUserIsAbleToLoginWithValidUsernameInvalidPassword" classname="testScript.LoginTest" time="0.732">
    <system-err><![CDATA[Mar 23, 2026 11:57:31 AM org.openqa.selenium.devtools.CdpVersionFinder findNearestMatch
WARNING: Unable to find an exact match for CDP version 145, returning the closest version; found: 142; Please update to a Selenium version that supports CDP version 145
]]></system-err>
  </testcase>
  <testcase name="verifyTheUserIsAbleToLoginWithInvalidUsernameValidPassword" classname="testScript.LoginTest" time="0.547">
    <system-err><![CDATA[Mar 23, 2026 11:57:34 AM org.openqa.selenium.devtools.CdpVersionFinder findNearestMatch
WARNING: Unable to find an exact match for CDP version 145, returning the closest version; found: 142; Please update to a Selenium version that supports CDP version 145
]]></system-err>
  </testcase>
  <testcase name="verifyTheUserIsAbleToLoginWithInvalidUsernameInvalidPassword" classname="testScript.LoginTest" time="0.565">
    <system-err><![CDATA[Mar 23, 2026 11:57:36 AM org.openqa.selenium.devtools.CdpVersionFinder findNearestMatch
WARNING: Unable to find an exact match for CDP version 145, returning the closest version; found: 142; Please update to a Selenium version that supports CDP version 145
]]></system-err>
  </testcase>
  <testcase name="verifyTheUserIsAbleToLoginWithValidCredentialsAndLogout" classname="testScript.LogoutTest" time="1.262">
    <system-err><![CDATA[Mar 23, 2026 11:57:39 AM org.openqa.selenium.devtools.CdpVersionFinder findNearestMatch
WARNING: Unable to find an exact match for CDP version 145, returning the closest version; found: 142; Please update to a Selenium version that supports CDP version 145
]]></system-err>
  </testcase>
  <testcase name="verifyTheUserIsAbleToLoginWithValidCredentialsAndManageAdminUsers" classname="testScript.ManageAdminUsersTest" time="3.255">
    <system-err><![CDATA[Mar 23, 2026 11:57:43 AM org.openqa.selenium.devtools.CdpVersionFinder findNearestMatch
WARNING: Unable to find an exact match for CDP version 145, returning the closest version; found: 142; Please update to a Selenium version that supports CDP version 145
]]></system-err>
  </testcase>
  <testcase name="verifyTheUserIsAbleToLoginWithValidCredentialsAndManageCategory" classname="testScript.ManageCategoryTest" time="5.492">
    <system-err><![CDATA[Mar 23, 2026 11:57:48 AM org.openqa.selenium.devtools.CdpVersionFinder findNearestMatch
WARNING: Unable to find an exact match for CDP version 145, returning the closest version; found: 142; Please update to a Selenium version that supports CDP version 145
]]></system-err>
  </testcase>
  <testcase name="verifyTheUserIsAbleToLoginWithValidCredentialsAndManageContact" classname="testScript.ManageContactTest" time="3.685">
    <system-err><![CDATA[Mar 23, 2026 11:57:55 AM org.openqa.selenium.devtools.CdpVersionFinder findNearestMatch
WARNING: Unable to find an exact match for CDP version 145, returning the closest version; found: 142; Please update to a Selenium version that supports CDP version 145
]]></system-err>
  </testcase>
  <testcase name="verifyTheUserIsAbleToLoginWithValidCredentialsAndManageFooter" classname="testScript.ManageFooterTest" time="2.71">
    <system-err><![CDATA[Mar 23, 2026 11:58:01 AM org.openqa.selenium.devtools.CdpVersionFinder findNearestMatch
WARNING: Unable to find an exact match for CDP version 145, returning the closest version; found: 142; Please update to a Selenium version that supports CDP version 145
]]></system-err>
  </testcase>
  <testcase name="verifyTheUserIsAbleToLoginWithValidCredentialsAndManageNews" classname="testScript.ManageNewsTest" time="2.817">
    <system-err><![CDATA[Mar 23, 2026 11:58:05 AM org.openqa.selenium.devtools.CdpVersionFinder findNearestMatch
WARNING: Unable to find an exact match for CDP version 145, returning the closest version; found: 142; Please update to a Selenium version that supports CDP version 145
]]></system-err>
  </testcase>
</testsuite>