<?xml version="1.0" encoding="UTF-8"?>
<!-- Generated by org.testng.reporters.JUnitXMLReporter -->
<testsuite ignored="3" hostname="DESKTOP-LF8VEKH" failures="0" tests="1" name="chromeTest" time="3.897" errors="0" timestamp="2026-03-23T12:08:20 IST">
  <testcase classname="testScript.LoginTest" name="verifyTheUserIsAbleToLoginWithValidCredentials" time="1.613"/>
  <testcase classname="testScript.LoginTest" name="verifyTheUserIsAbleToLoginWithInvalidUsernameInvalidPassword" time="0.0">
    <ignored/>
  </testcase> <!-- verifyTheUserIsAbleToLoginWithInvalidUsernameInvalidPassword -->
  <testcase classname="testScript.LoginTest" name="verifyTheUserIsAbleToLoginWithInvalidUsernameValidPassword" time="0.0">
    <ignored/>
  </testcase> <!-- verifyTheUserIsAbleToLoginWithInvalidUsernameValidPassword -->
  <testcase classname="testScript.LoginTest" name="verifyTheUserIsAbleToLoginWithValidUsernameInvalidPassword" time="0.0">
    <ignored/>
  </testcase> <!-- verifyTheUserIsAbleToLoginWithValidUsernameInvalidPassword -->
</testsuite> <!-- chromeTest -->
