<?xml version="1.0" encoding="UTF-8"?>
<!-- Generated by org.testng.reporters.JUnitXMLReporter -->
<testsuite ignored="0" hostname="DESKTOP-LF8VEKH" failures="0" tests="10" name="Test" time="45.05" errors="0" timestamp="2026-03-23T11:25:33 IST">
  <testcase classname="testScript.LoginTest" name="verifyTheUserIsAbleToLoginWithValidCredentials" time="2.605"/>
  <testcase classname="testScript.LoginTest" name="verifyTheUserIsAbleToLoginWithValidUsernameInvalidPassword" time="0.563"/>
  <testcase classname="testScript.LoginTest" name="verifyTheUserIsAbleToLoginWithInvalidUsernameValidPassword" time="0.591"/>
  <testcase classname="testScript.LoginTest" name="verifyTheUserIsAbleToLoginWithInvalidUsernameInvalidPassword" time="0.528"/>
  <testcase classname="testScript.LogoutTest" name="verifyTheUserIsAbleToLoginWithValidCredentialsAndLogout" time="1.193"/>
  <testcase classname="testScript.ManageAdminUsersTest" name="verifyTheUserIsAbleToLoginWithValidCredentialsAndManageAdminUsers" time="3.653"/>
  <testcase classname="testScript.ManageCategoryTest" name="verifyTheUserIsAbleToLoginWithValidCredentialsAndManageCategory" time="5.88"/>
  <testcase classname="testScript.ManageContactTest" name="verifyTheUserIsAbleToLoginWithValidCredentialsAndManageContact" time="3.663"/>
  <testcase classname="testScript.ManageFooterTest" name="verifyTheUserIsAbleToLoginWithValidCredentialsAndManageFooter" time="2.622"/>
  <testcase classname="testScript.ManageNewsTest" name="verifyTheUserIsAbleToLoginWithValidCredentialsAndManageNews" time="2.862"/>
</testsuite> <!-- Test -->
