<?xml version="1.0" encoding="UTF-8"?>
<!-- Generated by org.testng.reporters.JUnitXMLReporter -->
<testsuite ignored="2" hostname="DESKTOP-LF8VEKH" failures="2" tests="6" name="EdgeTest" time="20.685" errors="0" timestamp="2026-03-23T12:08:51 IST">
  <testcase classname="testScript.Base" name="@AfterMethod browserQuitAndClose" time="0.197">
    <failure type="org.openqa.selenium.WebDriverException" message="Timed out waiting for driver server to stop.
Build info: version: &amp;apos;4.38.0&amp;apos;, revision: &amp;apos;6b412e825c*&amp;apos;
System info: os.name: &amp;apos;Windows 11&amp;apos;, os.arch: &amp;apos;amd64&amp;apos;, os.version: &amp;apos;10.0&amp;apos;, java.version: &amp;apos;21.0.9&amp;apos;
Driver info: org.openqa.selenium.edge.EdgeDriver
Command: [a39d25e2ef274229fba23e4b1ac23e37, quit {}]
Capabilities {acceptInsecureCerts: false, browserName: MicrosoftEdge, browserVersion: 146.0.3856.62, fedcm:accounts: true, goog:processID: 3904, ms:edgeOptions: {debuggerAddress: localhost:63152}, msedge: {msedgedriverVersion: 146.0.3856.72 (a825c519de68..., userDataDir: C:\Users\ACER\AppData\Local...}, networkConnectionEnabled: false, pageLoadStrategy: normal, platformName: windows, proxy: Proxy(), se:cdp: ws://localhost:63152/devtoo..., se:cdpVersion: 146.0.3856.62, setWindowRect: true, strictFileInteractability: false, timeouts: {implicit: 0, pageLoad: 300000, script: 30000}, unhandledPromptBehavior: dismiss and notify, webauthn:extension:credBlob: true, webauthn:extension:largeBlob: true, webauthn:extension:minPinLength: true, webauthn:extension:prf: true, webauthn:virtualAuthenticators: true}
Session ID: a39d25e2ef274229fba23e4b1ac23e37">
      <![CDATA[org.openqa.selenium.WebDriverException: Timed out waiting for driver server to stop.
Build info: version: '4.38.0', revision: '6b412e825c*'
System info: os.name: 'Windows 11', os.arch: 'amd64', os.version: '10.0', java.version: '21.0.9'
Driver info: org.openqa.selenium.edge.EdgeDriver
Command: [a39d25e2ef274229fba23e4b1ac23e37, quit {}]
Capabilities {acceptInsecureCerts: false, browserName: MicrosoftEdge, browserVersion: 146.0.3856.62, fedcm:accounts: true, goog:processID: 3904, ms:edgeOptions: {debuggerAddress: localhost:63152}, msedge: {msedgedriverVersion: 146.0.3856.72 (a825c519de68..., userDataDir: C:\Users\ACER\AppData\Local...}, networkConnectionEnabled: false, pageLoadStrategy: normal, platformName: windows, proxy: Proxy(), se:cdp: ws://localhost:63152/devtoo..., se:cdpVersion: 146.0.3856.62, setWindowRect: true, strictFileInteractability: false, timeouts: {implicit: 0, pageLoad: 300000, script: 30000}, unhandledPromptBehavior: dismiss and notify, webauthn:extension:credBlob: true, webauthn:extension:largeBlob: true, webauthn:extension:minPinLength: true, webauthn:extension:prf: true, webauthn:virtualAuthenticators: true}
Session ID: a39d25e2ef274229fba23e4b1ac23e37
at org.openqa.selenium.remote.service.DriverCommandExecutor.execute(DriverCommandExecutor.java:164)
at org.openqa.selenium.remote.RemoteWebDriver.execute(RemoteWebDriver.java:557)
at org.openqa.selenium.remote.RemoteWebDriver.execute(RemoteWebDriver.java:634)
at org.openqa.selenium.remote.RemoteWebDriver.execute(RemoteWebDriver.java:638)
at org.openqa.selenium.remote.RemoteWebDriver.quit(RemoteWebDriver.java:458)
at org.openqa.selenium.chromium.ChromiumDriver.quit(ChromiumDriver.java:404)
at testScript.Base.browserQuitAndClose(Base.java:58)
at java.base/java.util.concurrent.Executors$RunnableAdapter.call(Executors.java:572)
at java.base/java.util.concurrent.FutureTask.run(FutureTask.java:317)
at java.base/java.util.concurrent.ThreadPoolExecutor.runWorker(ThreadPoolExecutor.java:1144)
at java.base/java.util.concurrent.ThreadPoolExecutor$Worker.run(ThreadPoolExecutor.java:642)
at java.base/java.lang.Thread.run(Thread.java:1583)
Caused by: java.util.concurrent.ExecutionException: java.util.concurrent.RejectedExecutionException: Task java.util.concurrent.FutureTask@4e7cd2f6[Not completed, task = java.util.concurrent.Executors$RunnableAdapter@f41d8cd[Wrapped task = org.openqa.selenium.remote.http.jdk.JdkHttpClient$$Lambda/0x000001a5a320f7b0@b7e5dfd]] rejected from java.util.concurrent.ThreadPoolExecutor@4d659e72[Shutting down, pool size = 1, active threads = 1, queued tasks = 0, completed tasks = 42]
at java.base/java.util.concurrent.CompletableFuture.reportGet(CompletableFuture.java:396)
at java.base/java.util.concurrent.CompletableFuture.get(CompletableFuture.java:2096)
at org.openqa.selenium.remote.service.DriverCommandExecutor.execute(DriverCommandExecutor.java:160)
... 27 more
Caused by: java.util.concurrent.RejectedExecutionException: Task java.util.concurrent.FutureTask@4e7cd2f6[Not completed, task = java.util.concurrent.Executors$RunnableAdapter@f41d8cd[Wrapped task = org.openqa.selenium.remote.http.jdk.JdkHttpClient$$Lambda/0x000001a5a320f7b0@b7e5dfd]] rejected from java.util.concurrent.ThreadPoolExecutor@4d659e72[Shutting down, pool size = 1, active threads = 1, queued tasks = 0, completed tasks = 42]
at java.base/java.util.concurrent.ThreadPoolExecutor$AbortPolicy.rejectedExecution(ThreadPoolExecutor.java:2081)
at java.base/java.util.concurrent.ThreadPoolExecutor.reject(ThreadPoolExecutor.java:841)
at java.base/java.util.concurrent.ThreadPoolExecutor.execute(ThreadPoolExecutor.java:1376)
at java.base/java.util.concurrent.AbstractExecutorService.submit(AbstractExecutorService.java:123)
at org.openqa.selenium.remote.http.jdk.JdkHttpClient.executeAsync(JdkHttpClient.java:384)
at org.openqa.selenium.remote.http.jdk.JdkHttpClient.execute(JdkHttpClient.java:413)
at org.openqa.selenium.remote.HttpCommandExecutor.execute(HttpCommandExecutor.java:212)
at org.openqa.selenium.remote.service.DriverCommandExecutor.invokeExecute(DriverCommandExecutor.java:216)
at org.openqa.selenium.remote.service.DriverCommandExecutor.lambda$execute$1(DriverCommandExecutor.java:126)
at java.base/java.util.concurrent.CompletableFuture$AsyncSupply.run(CompletableFuture.java:1768)
... 3 more
... Removed 16 stack frames]]>
    </failure>
  </testcase> <!-- @AfterMethod browserQuitAndClose -->
  <testcase classname="testScript.Base" name="@AfterMethod browserQuitAndClose" time="0.238">
    <failure type="org.openqa.selenium.WebDriverException" message="Timed out waiting for driver server to stop.
Build info: version: &amp;apos;4.38.0&amp;apos;, revision: &amp;apos;6b412e825c*&amp;apos;
System info: os.name: &amp;apos;Windows 11&amp;apos;, os.arch: &amp;apos;amd64&amp;apos;, os.version: &amp;apos;10.0&amp;apos;, java.version: &amp;apos;21.0.9&amp;apos;
Driver info: org.openqa.selenium.edge.EdgeDriver
Command: [1e7fdd15fe79c264027fa6c6b598728b, quit {}]
Capabilities {acceptInsecureCerts: false, browserName: MicrosoftEdge, browserVersion: 146.0.3856.62, fedcm:accounts: true, goog:processID: 12516, ms:edgeOptions: {debuggerAddress: localhost:63574}, msedge: {msedgedriverVersion: 146.0.3856.72 (a825c519de68..., userDataDir: C:\Users\ACER\AppData\Local...}, networkConnectionEnabled: false, pageLoadStrategy: normal, platformName: windows, proxy: Proxy(), se:cdp: ws://localhost:63574/devtoo..., se:cdpVersion: 146.0.3856.62, setWindowRect: true, strictFileInteractability: false, timeouts: {implicit: 0, pageLoad: 300000, script: 30000}, unhandledPromptBehavior: dismiss and notify, webauthn:extension:credBlob: true, webauthn:extension:largeBlob: true, webauthn:extension:minPinLength: true, webauthn:extension:prf: true, webauthn:virtualAuthenticators: true}
Session ID: 1e7fdd15fe79c264027fa6c6b598728b">
      <![CDATA[org.openqa.selenium.WebDriverException: Timed out waiting for driver server to stop.
Build info: version: '4.38.0', revision: '6b412e825c*'
System info: os.name: 'Windows 11', os.arch: 'amd64', os.version: '10.0', java.version: '21.0.9'
Driver info: org.openqa.selenium.edge.EdgeDriver
Command: [1e7fdd15fe79c264027fa6c6b598728b, quit {}]
Capabilities {acceptInsecureCerts: false, browserName: MicrosoftEdge, browserVersion: 146.0.3856.62, fedcm:accounts: true, goog:processID: 12516, ms:edgeOptions: {debuggerAddress: localhost:63574}, msedge: {msedgedriverVersion: 146.0.3856.72 (a825c519de68..., userDataDir: C:\Users\ACER\AppData\Local...}, networkConnectionEnabled: false, pageLoadStrategy: normal, platformName: windows, proxy: Proxy(), se:cdp: ws://localhost:63574/devtoo..., se:cdpVersion: 146.0.3856.62, setWindowRect: true, strictFileInteractability: false, timeouts: {implicit: 0, pageLoad: 300000, script: 30000}, unhandledPromptBehavior: dismiss and notify, webauthn:extension:credBlob: true, webauthn:extension:largeBlob: true, webauthn:extension:minPinLength: true, webauthn:extension:prf: true, webauthn:virtualAuthenticators: true}
Session ID: 1e7fdd15fe79c264027fa6c6b598728b
at org.openqa.selenium.remote.service.DriverCommandExecutor.execute(DriverCommandExecutor.java:164)
at org.openqa.selenium.remote.RemoteWebDriver.execute(RemoteWebDriver.java:557)
at org.openqa.selenium.remote.RemoteWebDriver.execute(RemoteWebDriver.java:634)
at org.openqa.selenium.remote.RemoteWebDriver.execute(RemoteWebDriver.java:638)
at org.openqa.selenium.remote.RemoteWebDriver.quit(RemoteWebDriver.java:458)
at org.openqa.selenium.chromium.ChromiumDriver.quit(ChromiumDriver.java:404)
at testScript.Base.browserQuitAndClose(Base.java:58)
at java.base/java.util.concurrent.Executors$RunnableAdapter.call(Executors.java:572)
at java.base/java.util.concurrent.FutureTask.run(FutureTask.java:317)
at java.base/java.util.concurrent.ThreadPoolExecutor.runWorker(ThreadPoolExecutor.java:1144)
at java.base/java.util.concurrent.ThreadPoolExecutor$Worker.run(ThreadPoolExecutor.java:642)
at java.base/java.lang.Thread.run(Thread.java:1583)
Caused by: java.util.concurrent.ExecutionException: java.util.concurrent.RejectedExecutionException: Task java.util.concurrent.FutureTask@3123e2ae[Not completed, task = java.util.concurrent.Executors$RunnableAdapter@3bdb89de[Wrapped task = org.openqa.selenium.remote.http.jdk.JdkHttpClient$$Lambda/0x000001a5a320f7b0@351c60d5]] rejected from java.util.concurrent.ThreadPoolExecutor@458982fb[Shutting down, pool size = 3, active threads = 1, queued tasks = 0, completed tasks = 102]
at java.base/java.util.concurrent.CompletableFuture.reportGet(CompletableFuture.java:396)
at java.base/java.util.concurrent.CompletableFuture.get(CompletableFuture.java:2096)
at org.openqa.selenium.remote.service.DriverCommandExecutor.execute(DriverCommandExecutor.java:160)
... 27 more
Caused by: java.util.concurrent.RejectedExecutionException: Task java.util.concurrent.FutureTask@3123e2ae[Not completed, task = java.util.concurrent.Executors$RunnableAdapter@3bdb89de[Wrapped task = org.openqa.selenium.remote.http.jdk.JdkHttpClient$$Lambda/0x000001a5a320f7b0@351c60d5]] rejected from java.util.concurrent.ThreadPoolExecutor@458982fb[Shutting down, pool size = 3, active threads = 1, queued tasks = 0, completed tasks = 102]
at java.base/java.util.concurrent.ThreadPoolExecutor$AbortPolicy.rejectedExecution(ThreadPoolExecutor.java:2081)
at java.base/java.util.concurrent.ThreadPoolExecutor.reject(ThreadPoolExecutor.java:841)
at java.base/java.util.concurrent.ThreadPoolExecutor.execute(ThreadPoolExecutor.java:1376)
at java.base/java.util.concurrent.AbstractExecutorService.submit(AbstractExecutorService.java:123)
at org.openqa.selenium.remote.http.jdk.JdkHttpClient.executeAsync(JdkHttpClient.java:384)
at org.openqa.selenium.remote.http.jdk.JdkHttpClient.execute(JdkHttpClient.java:413)
at org.openqa.selenium.remote.HttpCommandExecutor.execute(HttpCommandExecutor.java:212)
at org.openqa.selenium.remote.service.DriverCommandExecutor.invokeExecute(DriverCommandExecutor.java:216)
at org.openqa.selenium.remote.service.DriverCommandExecutor.lambda$execute$1(DriverCommandExecutor.java:126)
at java.base/java.util.concurrent.CompletableFuture$AsyncSupply.run(CompletableFuture.java:1768)
... 3 more
... Removed 16 stack frames]]>
    </failure>
  </testcase> <!-- @AfterMethod browserQuitAndClose -->
  <testcase classname="testScript.Base" name="@AfterMethod browserQuitAndClose" time="0.55">
    <failure type="org.openqa.selenium.WebDriverException" message="Timed out waiting for driver server to stop.
Build info: version: &amp;apos;4.38.0&amp;apos;, revision: &amp;apos;6b412e825c*&amp;apos;
System info: os.name: &amp;apos;Windows 11&amp;apos;, os.arch: &amp;apos;amd64&amp;apos;, os.version: &amp;apos;10.0&amp;apos;, java.version: &amp;apos;21.0.9&amp;apos;
Driver info: org.openqa.selenium.edge.EdgeDriver
Command: [3f2e746e7925be887985ce096f0dee1d, quit {}]
Capabilities {acceptInsecureCerts: false, browserName: MicrosoftEdge, browserVersion: 146.0.3856.62, fedcm:accounts: true, goog:processID: 12920, ms:edgeOptions: {debuggerAddress: localhost:51698}, msedge: {msedgedriverVersion: 146.0.3856.72 (a825c519de68..., userDataDir: C:\Users\ACER\AppData\Local...}, networkConnectionEnabled: false, pageLoadStrategy: normal, platformName: windows, proxy: Proxy(), se:cdp: ws://localhost:51698/devtoo..., se:cdpVersion: 146.0.3856.62, setWindowRect: true, strictFileInteractability: false, timeouts: {implicit: 0, pageLoad: 300000, script: 30000}, unhandledPromptBehavior: dismiss and notify, webauthn:extension:credBlob: true, webauthn:extension:largeBlob: true, webauthn:extension:minPinLength: true, webauthn:extension:prf: true, webauthn:virtualAuthenticators: true}
Session ID: 3f2e746e7925be887985ce096f0dee1d">
      <![CDATA[org.openqa.selenium.WebDriverException: Timed out waiting for driver server to stop.
Build info: version: '4.38.0', revision: '6b412e825c*'
System info: os.name: 'Windows 11', os.arch: 'amd64', os.version: '10.0', java.version: '21.0.9'
Driver info: org.openqa.selenium.edge.EdgeDriver
Command: [3f2e746e7925be887985ce096f0dee1d, quit {}]
Capabilities {acceptInsecureCerts: false, browserName: MicrosoftEdge, browserVersion: 146.0.3856.62, fedcm:accounts: true, goog:processID: 12920, ms:edgeOptions: {debuggerAddress: localhost:51698}, msedge: {msedgedriverVersion: 146.0.3856.72 (a825c519de68..., userDataDir: C:\Users\ACER\AppData\Local...}, networkConnectionEnabled: false, pageLoadStrategy: normal, platformName: windows, proxy: Proxy(), se:cdp: ws://localhost:51698/devtoo..., se:cdpVersion: 146.0.3856.62, setWindowRect: true, strictFileInteractability: false, timeouts: {implicit: 0, pageLoad: 300000, script: 30000}, unhandledPromptBehavior: dismiss and notify, webauthn:extension:credBlob: true, webauthn:extension:largeBlob: true, webauthn:extension:minPinLength: true, webauthn:extension:prf: true, webauthn:virtualAuthenticators: true}
Session ID: 3f2e746e7925be887985ce096f0dee1d
at org.openqa.selenium.remote.service.DriverCommandExecutor.execute(DriverCommandExecutor.java:164)
at org.openqa.selenium.remote.RemoteWebDriver.execute(RemoteWebDriver.java:557)
at org.openqa.selenium.remote.RemoteWebDriver.execute(RemoteWebDriver.java:634)
at org.openqa.selenium.remote.RemoteWebDriver.execute(RemoteWebDriver.java:638)
at org.openqa.selenium.remote.RemoteWebDriver.quit(RemoteWebDriver.java:458)
at org.openqa.selenium.chromium.ChromiumDriver.quit(ChromiumDriver.java:404)
at testScript.Base.browserQuitAndClose(Base.java:58)
at java.base/java.util.concurrent.Executors$RunnableAdapter.call(Executors.java:572)
at java.base/java.util.concurrent.FutureTask.run(FutureTask.java:317)
at java.base/java.util.concurrent.ThreadPoolExecutor.runWorker(ThreadPoolExecutor.java:1144)
at java.base/java.util.concurrent.ThreadPoolExecutor$Worker.run(ThreadPoolExecutor.java:642)
at java.base/java.lang.Thread.run(Thread.java:1583)
Caused by: java.util.concurrent.ExecutionException: java.util.concurrent.RejectedExecutionException: Task java.util.concurrent.FutureTask@615075cd[Not completed, task = java.util.concurrent.Executors$RunnableAdapter@6ba81ebd[Wrapped task = org.openqa.selenium.remote.http.jdk.JdkHttpClient$$Lambda/0x000001a5a320f7b0@656ffdb8]] rejected from java.util.concurrent.ThreadPoolExecutor@509de9e4[Shutting down, pool size = 1, active threads = 1, queued tasks = 0, completed tasks = 112]
at java.base/java.util.concurrent.CompletableFuture.reportGet(CompletableFuture.java:396)
at java.base/java.util.concurrent.CompletableFuture.get(CompletableFuture.java:2096)
at org.openqa.selenium.remote.service.DriverCommandExecutor.execute(DriverCommandExecutor.java:160)
... 27 more
Caused by: java.util.concurrent.RejectedExecutionException: Task java.util.concurrent.FutureTask@615075cd[Not completed, task = java.util.concurrent.Executors$RunnableAdapter@6ba81ebd[Wrapped task = org.openqa.selenium.remote.http.jdk.JdkHttpClient$$Lambda/0x000001a5a320f7b0@656ffdb8]] rejected from java.util.concurrent.ThreadPoolExecutor@509de9e4[Shutting down, pool size = 1, active threads = 1, queued tasks = 0, completed tasks = 112]
at java.base/java.util.concurrent.ThreadPoolExecutor$AbortPolicy.rejectedExecution(ThreadPoolExecutor.java:2081)
at java.base/java.util.concurrent.ThreadPoolExecutor.reject(ThreadPoolExecutor.java:841)
at java.base/java.util.concurrent.ThreadPoolExecutor.execute(ThreadPoolExecutor.java:1376)
at java.base/java.util.concurrent.AbstractExecutorService.submit(AbstractExecutorService.java:123)
at org.openqa.selenium.remote.http.jdk.JdkHttpClient.executeAsync(JdkHttpClient.java:384)
at org.openqa.selenium.remote.http.jdk.JdkHttpClient.execute(JdkHttpClient.java:413)
at org.openqa.selenium.remote.HttpCommandExecutor.execute(HttpCommandExecutor.java:212)
at org.openqa.selenium.remote.service.DriverCommandExecutor.invokeExecute(DriverCommandExecutor.java:216)
at org.openqa.selenium.remote.service.DriverCommandExecutor.lambda$execute$1(DriverCommandExecutor.java:126)
at java.base/java.util.concurrent.CompletableFuture$AsyncSupply.run(CompletableFuture.java:1768)
... 3 more
... Removed 16 stack frames]]>
    </failure>
  </testcase> <!-- @AfterMethod browserQuitAndClose -->
  <testcase classname="testScript.LoginTest" name="verifyTheUserIsAbleToLoginWithInvalidUsernameInvalidPassword" time="0.191">
    <skipped/>
  </testcase> <!-- verifyTheUserIsAbleToLoginWithInvalidUsernameInvalidPassword -->
  <testcase classname="testScript.LoginTest" name="verifyTheUserIsAbleToLoginWithValidCredentials" time="0.286">
    <skipped/>
  </testcase> <!-- verifyTheUserIsAbleToLoginWithValidCredentials -->
  <testcase classname="testScript.LoginTest" name="verifyTheUserIsAbleToLoginWithInvalidUsernameInvalidPassword" time="1.654">
    <skipped/>
  </testcase> <!-- verifyTheUserIsAbleToLoginWithInvalidUsernameInvalidPassword -->
  <testcase classname="testScript.LoginTest" name="verifyTheUserIsAbleToLoginWithValidCredentials" time="6.703">
    <skipped/>
  </testcase> <!-- verifyTheUserIsAbleToLoginWithValidCredentials -->
  <testcase classname="testScript.LoginTest" name="verifyTheUserIsAbleToLoginWithInvalidUsernameInvalidPassword" time="0.724">
    <failure type="org.openqa.selenium.StaleElementReferenceException" message="stale element reference: stale element not found
  (Session info: MicrosoftEdge=146.0.3856.62)
For documentation on this error, please visit: https://www.selenium.dev/documentation/webdriver/troubleshooting/errors#staleelementreferenceexception
Build info: version: &amp;apos;4.38.0&amp;apos;, revision: &amp;apos;6b412e825c*&amp;apos;
System info: os.name: &amp;apos;Windows 11&amp;apos;, os.arch: &amp;apos;amd64&amp;apos;, os.version: &amp;apos;10.0&amp;apos;, java.version: &amp;apos;21.0.9&amp;apos;
Driver info: org.openqa.selenium.edge.EdgeDriver
Command: [3f2e746e7925be887985ce096f0dee1d, clickElement {id=f.2A83E5B868F2E6950E3F3F58A8CC2259.d.26FE19B3628D985789E24CC86EAAAFC3.e.7}]
Capabilities {acceptInsecureCerts: false, browserName: MicrosoftEdge, browserVersion: 146.0.3856.62, fedcm:accounts: true, goog:processID: 12920, ms:edgeOptions: {debuggerAddress: localhost:51698}, msedge: {msedgedriverVersion: 146.0.3856.72 (a825c519de68..., userDataDir: C:\Users\ACER\AppData\Local...}, networkConnectionEnabled: false, pageLoadStrategy: normal, platformName: windows, proxy: Proxy(), se:cdp: ws://localhost:51698/devtoo..., se:cdpVersion: 146.0.3856.62, setWindowRect: true, strictFileInteractability: false, timeouts: {implicit: 0, pageLoad: 300000, script: 30000}, unhandledPromptBehavior: dismiss and notify, webauthn:extension:credBlob: true, webauthn:extension:largeBlob: true, webauthn:extension:minPinLength: true, webauthn:extension:prf: true, webauthn:virtualAuthenticators: true}
Element: [[EdgeDriver: MicrosoftEdge on windows (3f2e746e7925be887985ce096f0dee1d)] -&amp;gt; xpath: //button[@type=&amp;apos;submit&amp;apos;]]
Session ID: 3f2e746e7925be887985ce096f0dee1d">
      <![CDATA[org.openqa.selenium.StaleElementReferenceException: stale element reference: stale element not found
  (Session info: MicrosoftEdge=146.0.3856.62)
For documentation on this error, please visit: https://www.selenium.dev/documentation/webdriver/troubleshooting/errors#staleelementreferenceexception
Build info: version: '4.38.0', revision: '6b412e825c*'
System info: os.name: 'Windows 11', os.arch: 'amd64', os.version: '10.0', java.version: '21.0.9'
Driver info: org.openqa.selenium.edge.EdgeDriver
Command: [3f2e746e7925be887985ce096f0dee1d, clickElement {id=f.2A83E5B868F2E6950E3F3F58A8CC2259.d.26FE19B3628D985789E24CC86EAAAFC3.e.7}]
Capabilities {acceptInsecureCerts: false, browserName: MicrosoftEdge, browserVersion: 146.0.3856.62, fedcm:accounts: true, goog:processID: 12920, ms:edgeOptions: {debuggerAddress: localhost:51698}, msedge: {msedgedriverVersion: 146.0.3856.72 (a825c519de68..., userDataDir: C:\Users\ACER\AppData\Local...}, networkConnectionEnabled: false, pageLoadStrategy: normal, platformName: windows, proxy: Proxy(), se:cdp: ws://localhost:51698/devtoo..., se:cdpVersion: 146.0.3856.62, setWindowRect: true, strictFileInteractability: false, timeouts: {implicit: 0, pageLoad: 300000, script: 30000}, unhandledPromptBehavior: dismiss and notify, webauthn:extension:credBlob: true, webauthn:extension:largeBlob: true, webauthn:extension:minPinLength: true, webauthn:extension:prf: true, webauthn:virtualAuthenticators: true}
Element: [[EdgeDriver: MicrosoftEdge on windows (3f2e746e7925be887985ce096f0dee1d)] -> xpath: //button[@type='submit']]
Session ID: 3f2e746e7925be887985ce096f0dee1d
at org.openqa.selenium.remote.ErrorCodec.decode(ErrorCodec.java:167)
at org.openqa.selenium.remote.codec.w3c.W3CHttpResponseCodec.decode(W3CHttpResponseCodec.java:138)
at org.openqa.selenium.remote.codec.w3c.W3CHttpResponseCodec.decode(W3CHttpResponseCodec.java:50)
at org.openqa.selenium.remote.HttpCommandExecutor.execute(HttpCommandExecutor.java:215)
at org.openqa.selenium.remote.service.DriverCommandExecutor.invokeExecute(DriverCommandExecutor.java:216)
at org.openqa.selenium.remote.service.DriverCommandExecutor.execute(DriverCommandExecutor.java:174)
at org.openqa.selenium.remote.RemoteWebDriver.execute(RemoteWebDriver.java:557)
at org.openqa.selenium.remote.RemoteWebElement.execute(RemoteWebElement.java:223)
at org.openqa.selenium.remote.RemoteWebElement.click(RemoteWebElement.java:76)
at org.openqa.selenium.support.pagefactory.internal.LocatingElementHandler.invoke(LocatingElementHandler.java:51)
at jdk.proxy2/jdk.proxy2.$Proxy13.click(Unknown Source)
at pages.LoginPage.clickSignInButton(LoginPage.java:38)
at testScript.LoginTest.verifyTheUserIsAbleToLoginWithInvalidUsernameInvalidPassword(LoginTest.java:63)
at java.base/java.util.concurrent.Executors$RunnableAdapter.call(Executors.java:572)
at java.base/java.util.concurrent.FutureTask.run(FutureTask.java:317)
at java.base/java.util.concurrent.ThreadPoolExecutor.runWorker(ThreadPoolExecutor.java:1144)
at java.base/java.util.concurrent.ThreadPoolExecutor$Worker.run(ThreadPoolExecutor.java:642)
at java.base/java.lang.Thread.run(Thread.java:1583)
... Removed 16 stack frames]]>
    </failure>
  </testcase> <!-- verifyTheUserIsAbleToLoginWithInvalidUsernameInvalidPassword -->
  <testcase classname="testScript.LoginTest" name="verifyTheUserIsAbleToLoginWithValidCredentials" time="5.737">
    <failure type="org.openqa.selenium.NoSuchElementException" message="no such element: Unable to locate element: {&amp;quot;method&amp;quot;:&amp;quot;xpath&amp;quot;,&amp;quot;selector&amp;quot;:&amp;quot;//p[text()=&amp;apos;Dashboard&amp;apos;]&amp;quot;}
  (Session info: MicrosoftEdge=146.0.3856.62)
For documentation on this error, please visit: https://www.selenium.dev/documentation/webdriver/troubleshooting/errors#nosuchelementexception
Build info: version: &amp;apos;4.38.0&amp;apos;, revision: &amp;apos;6b412e825c*&amp;apos;
System info: os.name: &amp;apos;Windows 11&amp;apos;, os.arch: &amp;apos;amd64&amp;apos;, os.version: &amp;apos;10.0&amp;apos;, java.version: &amp;apos;21.0.9&amp;apos;
Driver info: org.openqa.selenium.edge.EdgeDriver
Command: [3f2e746e7925be887985ce096f0dee1d, findElement {using=xpath, value=//p[text()=&amp;apos;Dashboard&amp;apos;]}]
Capabilities {acceptInsecureCerts: false, browserName: MicrosoftEdge, browserVersion: 146.0.3856.62, fedcm:accounts: true, goog:processID: 12920, ms:edgeOptions: {debuggerAddress: localhost:51698}, msedge: {msedgedriverVersion: 146.0.3856.72 (a825c519de68..., userDataDir: C:\Users\ACER\AppData\Local...}, networkConnectionEnabled: false, pageLoadStrategy: normal, platformName: windows, proxy: Proxy(), se:cdp: ws://localhost:51698/devtoo..., se:cdpVersion: 146.0.3856.62, setWindowRect: true, strictFileInteractability: false, timeouts: {implicit: 0, pageLoad: 300000, script: 30000}, unhandledPromptBehavior: dismiss and notify, webauthn:extension:credBlob: true, webauthn:extension:largeBlob: true, webauthn:extension:minPinLength: true, webauthn:extension:prf: true, webauthn:virtualAuthenticators: true}
Session ID: 3f2e746e7925be887985ce096f0dee1d">
      <![CDATA[org.openqa.selenium.NoSuchElementException: no such element: Unable to locate element: {"method":"xpath","selector":"//p[text()='Dashboard']"}
  (Session info: MicrosoftEdge=146.0.3856.62)
For documentation on this error, please visit: https://www.selenium.dev/documentation/webdriver/troubleshooting/errors#nosuchelementexception
Build info: version: '4.38.0', revision: '6b412e825c*'
System info: os.name: 'Windows 11', os.arch: 'amd64', os.version: '10.0', java.version: '21.0.9'
Driver info: org.openqa.selenium.edge.EdgeDriver
Command: [3f2e746e7925be887985ce096f0dee1d, findElement {using=xpath, value=//p[text()='Dashboard']}]
Capabilities {acceptInsecureCerts: false, browserName: MicrosoftEdge, browserVersion: 146.0.3856.62, fedcm:accounts: true, goog:processID: 12920, ms:edgeOptions: {debuggerAddress: localhost:51698}, msedge: {msedgedriverVersion: 146.0.3856.72 (a825c519de68..., userDataDir: C:\Users\ACER\AppData\Local...}, networkConnectionEnabled: false, pageLoadStrategy: normal, platformName: windows, proxy: Proxy(), se:cdp: ws://localhost:51698/devtoo..., se:cdpVersion: 146.0.3856.62, setWindowRect: true, strictFileInteractability: false, timeouts: {implicit: 0, pageLoad: 300000, script: 30000}, unhandledPromptBehavior: dismiss and notify, webauthn:extension:credBlob: true, webauthn:extension:largeBlob: true, webauthn:extension:minPinLength: true, webauthn:extension:prf: true, webauthn:virtualAuthenticators: true}
Session ID: 3f2e746e7925be887985ce096f0dee1d
at org.openqa.selenium.remote.ErrorCodec.decode(ErrorCodec.java:167)
at org.openqa.selenium.remote.codec.w3c.W3CHttpResponseCodec.decode(W3CHttpResponseCodec.java:138)
at org.openqa.selenium.remote.codec.w3c.W3CHttpResponseCodec.decode(W3CHttpResponseCodec.java:50)
at org.openqa.selenium.remote.HttpCommandExecutor.execute(HttpCommandExecutor.java:215)
at org.openqa.selenium.remote.service.DriverCommandExecutor.invokeExecute(DriverCommandExecutor.java:216)
at org.openqa.selenium.remote.service.DriverCommandExecutor.execute(DriverCommandExecutor.java:174)
at org.openqa.selenium.remote.RemoteWebDriver.execute(RemoteWebDriver.java:557)
at org.openqa.selenium.remote.ElementLocation$ElementFinder$2.findElement(ElementLocation.java:165)
at org.openqa.selenium.remote.ElementLocation.findElement(ElementLocation.java:59)
at org.openqa.selenium.remote.RemoteWebDriver.findElement(RemoteWebDriver.java:380)
at org.openqa.selenium.remote.RemoteWebDriver.findElement(RemoteWebDriver.java:374)
at org.openqa.selenium.support.pagefactory.DefaultElementLocator.findElement(DefaultElementLocator.java:68)
at org.openqa.selenium.support.pagefactory.internal.LocatingElementHandler.invoke(LocatingElementHandler.java:38)
at jdk.proxy2/jdk.proxy2.$Proxy13.isDisplayed(Unknown Source)
at pages.LoginPage.displayDashboard(LoginPage.java:43)
at testScript.LoginTest.verifyTheUserIsAbleToLoginWithValidCredentials(LoginTest.java:25)
at java.base/java.util.concurrent.Executors$RunnableAdapter.call(Executors.java:572)
at java.base/java.util.concurrent.FutureTask.run(FutureTask.java:317)
at java.base/java.util.concurrent.ThreadPoolExecutor.runWorker(ThreadPoolExecutor.java:1144)
at java.base/java.util.concurrent.ThreadPoolExecutor$Worker.run(ThreadPoolExecutor.java:642)
at java.base/java.lang.Thread.run(Thread.java:1583)
... Removed 14 stack frames]]>
    </failure>
  </testcase> <!-- verifyTheUserIsAbleToLoginWithValidCredentials -->
  <testcase classname="testScript.LoginTest" name="verifyTheUserIsAbleToLoginWithInvalidUsernameValidPassword" time="0.0">
    <ignored/>
  </testcase> <!-- verifyTheUserIsAbleToLoginWithInvalidUsernameValidPassword -->
  <testcase classname="testScript.LoginTest" name="verifyTheUserIsAbleToLoginWithValidUsernameInvalidPassword" time="0.0">
    <ignored/>
  </testcase> <!-- verifyTheUserIsAbleToLoginWithValidUsernameInvalidPassword -->
</testsuite> <!-- EdgeTest -->
