<?xml version="1.0" encoding="UTF-8"?>
<testng-results ignored="0" total="5" passed="5" failed="0" skipped="0">
  <reporter-output>
  </reporter-output>
  <suite started-at="2026-03-23T12:10:22 IST" name="parallel testing" finished-at="2026-03-23T12:10:37 IST" duration-ms="15459">
    <groups>
      <group name="regression">
        <method signature="LoginTest.verifyTheUserIsAbleToLoginWithValidCredentials()[pri:1, instance:testScript.LoginTest@6a6cb05c]" name="verifyTheUserIsAbleToLoginWithValidCredentials" class="testScript.LoginTest"/>
        <method signature="LoginTest.verifyTheUserIsAbleToLoginWithInvalidUsernameValidPassword()[pri:3, instance:testScript.LoginTest@6a6cb05c]" name="verifyTheUserIsAbleToLoginWithInvalidUsernameValidPassword" class="testScript.LoginTest"/>
      </group> <!-- regression -->
    </groups>
    <test started-at="2026-03-23T12:10:22 IST" name="chromeTest" finished-at="2026-03-23T12:10:37 IST" duration-ms="15459">
      <class name="testScript.LoginTest">
        <test-method is-config="true" signature="browser_launch(java.lang.String)[pri:0, instance:testScript.LoginTest@6a6cb05c]" started-at="2026-03-23T12:10:22 IST" name="browser_launch" finished-at="2026-03-23T12:10:25 IST" duration-ms="3649" status="PASS">
          <params>
            <param index="0">
              <value>
                <![CDATA[chrome]]>
              </value>
            </param>
          </params>
          <reporter-output>
          </reporter-output>
        </test-method> <!-- browser_launch -->
        <test-method signature="verifyTheUserIsAbleToLoginWithValidCredentials()[pri:1, instance:testScript.LoginTest@6a6cb05c]" started-at="2026-03-23T12:10:25 IST" name="verifyTheUserIsAbleToLoginWithValidCredentials" description="Login successfull with valid credentials" finished-at="2026-03-23T12:10:28 IST" duration-ms="2953" status="PASS">
          <reporter-output>
          </reporter-output>
        </test-method> <!-- verifyTheUserIsAbleToLoginWithValidCredentials -->
        <test-method is-config="true" signature="browserQuitAndClose(org.testng.ITestResult)[pri:0, instance:testScript.LoginTest@6a6cb05c]" started-at="2026-03-23T12:10:28 IST" name="browserQuitAndClose" finished-at="2026-03-23T12:10:29 IST" duration-ms="345" status="PASS">
          <params>
            <param index="0">
              <value>
                <![CDATA[[TestResult name=verifyTheUserIsAbleToLoginWithValidCredentials status=SUCCESS method=LoginTest.verifyTheUserIsAbleToLoginWithValidCredentials()[pri:1, instance:testScript.LoginTest@6a6cb05c] output={null}]]]>
              </value>
            </param>
          </params>
          <reporter-output>
          </reporter-output>
        </test-method> <!-- browserQuitAndClose -->
        <test-method is-config="true" signature="browser_launch(java.lang.String)[pri:0, instance:testScript.LoginTest@6a6cb05c]" started-at="2026-03-23T12:10:29 IST" name="browser_launch" finished-at="2026-03-23T12:10:31 IST" duration-ms="1784" status="PASS">
          <params>
            <param index="0">
              <value>
                <![CDATA[chrome]]>
              </value>
            </param>
          </params>
          <reporter-output>
          </reporter-output>
        </test-method> <!-- browser_launch -->
        <test-method signature="verifyTheUserIsAbleToLoginWithValidUsernameInvalidPassword()[pri:2, instance:testScript.LoginTest@6a6cb05c]" started-at="2026-03-23T12:10:31 IST" name="verifyTheUserIsAbleToLoginWithValidUsernameInvalidPassword" description="Login failed with valid username and invalid password" finished-at="2026-03-23T12:10:31 IST" duration-ms="775" status="PASS">
          <reporter-output>
          </reporter-output>
        </test-method> <!-- verifyTheUserIsAbleToLoginWithValidUsernameInvalidPassword -->
        <test-method is-config="true" signature="browserQuitAndClose(org.testng.ITestResult)[pri:0, instance:testScript.LoginTest@6a6cb05c]" started-at="2026-03-23T12:10:31 IST" name="browserQuitAndClose" finished-at="2026-03-23T12:10:32 IST" duration-ms="214" status="PASS">
          <params>
            <param index="0">
              <value>
                <![CDATA[[TestResult name=verifyTheUserIsAbleToLoginWithValidUsernameInvalidPassword status=SUCCESS method=LoginTest.verifyTheUserIsAbleToLoginWithValidUsernameInvalidPassword()[pri:2, instance:testScript.LoginTest@6a6cb05c] output={null}]]]>
              </value>
            </param>
          </params>
          <reporter-output>
          </reporter-output>
        </test-method> <!-- browserQuitAndClose -->
        <test-method is-config="true" signature="browser_launch(java.lang.String)[pri:0, instance:testScript.LoginTest@6a6cb05c]" started-at="2026-03-23T12:10:32 IST" name="browser_launch" finished-at="2026-03-23T12:10:33 IST" duration-ms="1928" status="PASS">
          <params>
            <param index="0">
              <value>
                <![CDATA[chrome]]>
              </value>
            </param>
          </params>
          <reporter-output>
          </reporter-output>
        </test-method> <!-- browser_launch -->
        <test-method signature="verifyTheUserIsAbleToLoginWithInvalidUsernameValidPassword()[pri:3, instance:testScript.LoginTest@6a6cb05c]" started-at="2026-03-23T12:10:33 IST" name="verifyTheUserIsAbleToLoginWithInvalidUsernameValidPassword" description="Login failed with invalid username and valid password" finished-at="2026-03-23T12:10:34 IST" duration-ms="610" status="PASS">
          <reporter-output>
          </reporter-output>
        </test-method> <!-- verifyTheUserIsAbleToLoginWithInvalidUsernameValidPassword -->
        <test-method is-config="true" signature="browserQuitAndClose(org.testng.ITestResult)[pri:0, instance:testScript.LoginTest@6a6cb05c]" started-at="2026-03-23T12:10:34 IST" name="browserQuitAndClose" finished-at="2026-03-23T12:10:34 IST" duration-ms="208" status="PASS">
          <params>
            <param index="0">
              <value>
                <![CDATA[[TestResult name=verifyTheUserIsAbleToLoginWithInvalidUsernameValidPassword status=SUCCESS method=LoginTest.verifyTheUserIsAbleToLoginWithInvalidUsernameValidPassword()[pri:3, instance:testScript.LoginTest@6a6cb05c] output={null}]]]>
              </value>
            </param>
          </params>
          <reporter-output>
          </reporter-output>
        </test-method> <!-- browserQuitAndClose -->
        <test-method is-config="true" signature="browser_launch(java.lang.String)[pri:0, instance:testScript.LoginTest@6a6cb05c]" started-at="2026-03-23T12:10:34 IST" name="browser_launch" finished-at="2026-03-23T12:10:36 IST" duration-ms="2070" status="PASS">
          <params>
            <param index="0">
              <value>
                <![CDATA[chrome]]>
              </value>
            </param>
          </params>
          <reporter-output>
          </reporter-output>
        </test-method> <!-- browser_launch -->
        <test-method signature="verifyTheUserIsAbleToLoginWithInvalidUsernameInvalidPassword()[pri:4, instance:testScript.LoginTest@6a6cb05c]" started-at="2026-03-23T12:10:36 IST" name="verifyTheUserIsAbleToLoginWithInvalidUsernameInvalidPassword" description="Login failed with invalid username and invalid password" finished-at="2026-03-23T12:10:37 IST" duration-ms="603" status="PASS">
          <reporter-output>
          </reporter-output>
        </test-method> <!-- verifyTheUserIsAbleToLoginWithInvalidUsernameInvalidPassword -->
        <test-method is-config="true" signature="browserQuitAndClose(org.testng.ITestResult)[pri:0, instance:testScript.LoginTest@6a6cb05c]" started-at="2026-03-23T12:10:37 IST" name="browserQuitAndClose" finished-at="2026-03-23T12:10:37 IST" duration-ms="261" status="PASS">
          <params>
            <param index="0">
              <value>
                <![CDATA[[TestResult name=verifyTheUserIsAbleToLoginWithInvalidUsernameInvalidPassword status=SUCCESS method=LoginTest.verifyTheUserIsAbleToLoginWithInvalidUsernameInvalidPassword()[pri:4, instance:testScript.LoginTest@6a6cb05c] output={null}]]]>
              </value>
            </param>
          </params>
          <reporter-output>
          </reporter-output>
        </test-method> <!-- browserQuitAndClose -->
      </class> <!-- testScript.LoginTest -->
      <class name="testScript.ManageNewsTest">
        <test-method is-config="true" signature="browser_launch(java.lang.String)[pri:0, instance:testScript.ManageNewsTest@6ed3ccb2]" started-at="2026-03-23T12:10:22 IST" name="browser_launch" finished-at="2026-03-23T12:10:26 IST" duration-ms="3912" status="PASS">
          <params>
            <param index="0">
              <value>
                <![CDATA[chrome]]>
              </value>
            </param>
          </params>
          <reporter-output>
          </reporter-output>
        </test-method> <!-- browser_launch -->
        <test-method signature="verifyTheUserIsAbleToLoginWithValidCredentialsAndManageNews()[pri:1, instance:testScript.ManageNewsTest@6ed3ccb2]" started-at="2026-03-23T12:10:26 IST" name="verifyTheUserIsAbleToLoginWithValidCredentialsAndManageNews" description="Login and Manage News" finished-at="2026-03-23T12:10:31 IST" duration-ms="5076" status="PASS">
          <reporter-output>
          </reporter-output>
        </test-method> <!-- verifyTheUserIsAbleToLoginWithValidCredentialsAndManageNews -->
        <test-method is-config="true" signature="browserQuitAndClose(org.testng.ITestResult)[pri:0, instance:testScript.ManageNewsTest@6ed3ccb2]" started-at="2026-03-23T12:10:31 IST" name="browserQuitAndClose" finished-at="2026-03-23T12:10:31 IST" duration-ms="465" status="PASS">
          <params>
            <param index="0">
              <value>
                <![CDATA[[TestResult name=verifyTheUserIsAbleToLoginWithValidCredentialsAndManageNews status=SUCCESS method=ManageNewsTest.verifyTheUserIsAbleToLoginWithValidCredentialsAndManageNews()[pri:1, instance:testScript.ManageNewsTest@6ed3ccb2] output={null}]]]>
              </value>
            </param>
          </params>
          <reporter-output>
          </reporter-output>
        </test-method> <!-- browserQuitAndClose -->
      </class> <!-- testScript.ManageNewsTest -->
    </test> <!-- chromeTest -->
  </suite> <!-- parallel testing -->
</testng-results>
