<?xml version="1.0" encoding="UTF-8"?>
<!-- Generated by org.testng.reporters.JUnitXMLReporter -->
<testsuite ignored="0" hostname="DESKTOP-LF8VEKH" failures="0" tests="10" name="Test" time="43.788" errors="0" timestamp="2026-03-23T11:58:10 IST">
  <testcase classname="testScript.LoginTest" name="verifyTheUserIsAbleToLoginWithValidCredentials" time="1.987"/>
  <testcase classname="testScript.LoginTest" name="verifyTheUserIsAbleToLoginWithValidUsernameInvalidPassword" time="0.731"/>
  <testcase classname="testScript.LoginTest" name="verifyTheUserIsAbleToLoginWithInvalidUsernameValidPassword" time="0.549"/>
  <testcase classname="testScript.LoginTest" name="verifyTheUserIsAbleToLoginWithInvalidUsernameInvalidPassword" time="0.565"/>
  <testcase classname="testScript.LogoutTest" name="verifyTheUserIsAbleToLoginWithValidCredentialsAndLogout" time="1.262"/>
  <testcase classname="testScript.ManageAdminUsersTest" name="verifyTheUserIsAbleToLoginWithValidCredentialsAndManageAdminUsers" time="3.257"/>
  <testcase classname="testScript.ManageCategoryTest" name="verifyTheUserIsAbleToLoginWithValidCredentialsAndManageCategory" time="5.49"/>
  <testcase classname="testScript.ManageContactTest" name="verifyTheUserIsAbleToLoginWithValidCredentialsAndManageContact" time="3.684"/>
  <testcase classname="testScript.ManageFooterTest" name="verifyTheUserIsAbleToLoginWithValidCredentialsAndManageFooter" time="2.712"/>
  <testcase classname="testScript.ManageNewsTest" name="verifyTheUserIsAbleToLoginWithValidCredentialsAndManageNews" time="2.817"/>
</testsuite> <!-- Test -->
